<?xml version="1.0" encoding="UTF-8"?>
<testsuite xmlns:xsi="http://www.w3.org/2001/XMLSchema-instance" xsi:noNamespaceSchemaLocation="https://maven.apache.org/surefire/maven-surefire-plugin/xsd/surefire-test-report-3.0.xsd" version="3.0" name="com.precious.bankapp.BankAccountTest" time="0.253" tests="6" errors="0" skipped="0" failures="0">
  <properties>
    <property name="java.specification.version" value="17"/>
    <property name="sun.jnu.encoding" value="UTF-8"/>
    <property name="java.class.path" value="/data/data/com.termux/files/home/legendary-java-journey/projects/bankapp/target/test-classes:/data/data/com.termux/files/home/legendary-java-journey/projects/bankapp/target/classes:/data/data/com.termux/files/home/.m2/repository/org/junit/jupiter/junit-jupiter-api/5.9.0/junit-jupiter-api-5.9.0.jar:/data/data/com.termux/files/home/.m2/repository/org/opentest4j/opentest4j/1.2.0/opentest4j-1.2.0.jar:/data/data/com.termux/files/home/.m2/repository/org/junit/platform/junit-platform-commons/1.9.0/junit-platform-commons-1.9.0.jar:/data/data/com.termux/files/home/.m2/repository/org/apiguardian/apiguardian-api/1.1.2/apiguardian-api-1.1.2.jar:/data/data/com.termux/files/home/.m2/repository/org/junit/jupiter/junit-jupiter-engine/5.9.0/junit-jupiter-engine-5.9.0.jar:/data/data/com.termux/files/home/.m2/repository/org/junit/platform/junit-platform-engine/1.9.0/junit-platform-engine-1.9.0.jar:"/>
    <property name="java.vm.vendor" value="Oracle Corporation"/>
    <property name="sun.arch.data.model" value="64"/>
    <property name="java.vendor.url" value="https://openjdk.java.net/"/>
    <property name="os.name" value="Linux"/>
    <property name="java.vm.specification.version" value="17"/>
    <property name="sun.java.launcher" value="SUN_STANDARD"/>
    <property name="sun.boot.library.path" value="/data/data/com.termux/files/usr/lib/jvm/java-17-openjdk/lib"/>
    <property name="sun.java.command" value="/data/data/com.termux/files/home/legendary-java-journey/projects/bankapp/target/surefire/surefirebooter-20240928060026217_3.jar /data/data/com.termux/files/home/legendary-java-journey/projects/bankapp/target/surefire 2024-09-28T06-00-20_233-jvmRun1 surefire-20240928060026217_1tmp surefire_0-20240928060026217_2tmp"/>
    <property name="jdk.debug" value="release"/>
    <property name="surefire.test.class.path" value="/data/data/com.termux/files/home/legendary-java-journey/projects/bankapp/target/test-classes:/data/data/com.termux/files/home/legendary-java-journey/projects/bankapp/target/classes:/data/data/com.termux/files/home/.m2/repository/org/junit/jupiter/junit-jupiter-api/5.9.0/junit-jupiter-api-5.9.0.jar:/data/data/com.termux/files/home/.m2/repository/org/opentest4j/opentest4j/1.2.0/opentest4j-1.2.0.jar:/data/data/com.termux/files/home/.m2/repository/org/junit/platform/junit-platform-commons/1.9.0/junit-platform-commons-1.9.0.jar:/data/data/com.termux/files/home/.m2/repository/org/apiguardian/apiguardian-api/1.1.2/apiguardian-api-1.1.2.jar:/data/data/com.termux/files/home/.m2/repository/org/junit/jupiter/junit-jupiter-engine/5.9.0/junit-jupiter-engine-5.9.0.jar:/data/data/com.termux/files/home/.m2/repository/org/junit/platform/junit-platform-engine/1.9.0/junit-platform-engine-1.9.0.jar:"/>
    <property name="sun.cpu.endian" value="little"/>
    <property name="user.home" value="/data/data/com.termux/files/home"/>
    <property name="user.language" value="en"/>
    <property name="java.specification.vendor" value="Oracle Corporation"/>
    <property name="java.version.date" value="2021-09-14"/>
    <property name="java.home" value="/data/data/com.termux/files/usr/lib/jvm/java-17-openjdk"/>
    <property name="file.separator" value="/"/>
    <property name="basedir" value="/data/data/com.termux/files/home/legendary-java-journey/projects/bankapp"/>
    <property name="java.vm.compressedOopsMode" value="32-bit"/>
    <property name="line.separator" value="&#10;"/>
    <property name="java.vm.specification.vendor" value="Oracle Corporation"/>
    <property name="java.specification.name" value="Java Platform API Specification"/>
    <property name="surefire.real.class.path" value="/data/data/com.termux/files/home/legendary-java-journey/projects/bankapp/target/surefire/surefirebooter-20240928060026217_3.jar"/>
    <property name="sun.management.compiler" value="HotSpot 64-Bit Tiered Compilers"/>
    <property name="java.runtime.version" value="17-internal+0-adhoc..src"/>
    <property name="user.name" value="u0_a171"/>
    <property name="path.separator" value=":"/>
    <property name="os.version" value="4.19.191"/>
    <property name="java.runtime.name" value="OpenJDK Runtime Environment"/>
    <property name="file.encoding" value="UTF-8"/>
    <property name="java.vm.name" value="OpenJDK 64-Bit Server VM"/>
    <property name="localRepository" value="/data/data/com.termux/files/home/.m2/repository"/>
    <property name="java.vendor.url.bug" value="https://bugreport.java.com/bugreport/"/>
    <property name="java.io.tmpdir" value="/data/data/com.termux/files/usr/tmp/"/>
    <property name="java.version" value="17-internal"/>
    <property name="user.dir" value="/data/data/com.termux/files/home/legendary-java-journey/projects/bankapp"/>
    <property name="os.arch" value="aarch64"/>
    <property name="java.vm.specification.name" value="Java Virtual Machine Specification"/>
    <property name="native.encoding" value="UTF-8"/>
    <property name="java.library.path" value="/usr/java/packages/lib:/lib:/usr/lib"/>
    <property name="java.vm.info" value="mixed mode"/>
    <property name="java.vendor" value="N/A"/>
    <property name="java.vm.version" value="17-internal+0-adhoc..src"/>
    <property name="sun.io.unicode.encoding" value="UnicodeLittle"/>
    <property name="java.class.version" value="61.0"/>
  </properties>
  <testcase name="testNegativeWithdraw" classname="com.precious.bankapp.BankAccountTest" time="0.102">
    <system-out><![CDATA[Invalid withdrawal amount. Please enter a positive number.

]]></system-out>
  </testcase>
  <testcase name="testWithdraw" classname="com.precious.bankapp.BankAccountTest" time="0.022">
    <system-out><![CDATA[Withdrawal successful! Your new balance is: $70.0

]]></system-out>
  </testcase>
  <testcase name="testInitialBalance" classname="com.precious.bankapp.BankAccountTest" time="0.003"/>
  <testcase name="testDeposit" classname="com.precious.bankapp.BankAccountTest" time="0.006">
    <system-out><![CDATA[Deposit successful! Your new balance is: $150.0

]]></system-out>
  </testcase>
  <testcase name="testOverdraw" classname="com.precious.bankapp.BankAccountTest" time="0.005">
    <system-out><![CDATA[Insufficient balance. Cannot withdraw $200.0.

]]></system-out>
  </testcase>
  <testcase name="testNegativeDeposit" classname="com.precious.bankapp.BankAccountTest" time="0.004">
    <system-out><![CDATA[Invalid deposit amount. Please enter a positive number.

]]></system-out>
  </testcase>
</testsuite>